<?xml version="1.0" encoding="UTF-8"?>
<testng-results skipped="0" failed="0" ignored="0" total="1" passed="1">
  <reporter-output>
  </reporter-output>
  <suite name="Default suite" duration-ms="98926" started-at="2019-12-16T20:22:18Z" finished-at="2019-12-16T20:23:57Z">
    <groups>
      <group name="cucumber">
        <method signature="AbstractTestNGCucumberTests.runScenario(io.cucumber.testng.PickleEventWrapper, io.cucumber.testng.CucumberFeatureWrapper)[pri:0, instance:mct.cucumber.testNg.runner.RunCucumberTest@6500df86]" name="runScenario" class="io.cucumber.testng.AbstractTestNGCucumberTests"/>
      </group> <!-- cucumber -->
    </groups>
    <test name="Default test" duration-ms="98926" started-at="2019-12-16T20:22:18Z" finished-at="2019-12-16T20:23:57Z">
      <class name="mct.cucumber.testNg.runner.RunCucumberTest">
        <test-method status="PASS" signature="setUpClass()[pri:0, instance:mct.cucumber.testNg.runner.RunCucumberTest@6500df86]" name="setUpClass" is-config="true" duration-ms="187" started-at="2019-12-16T20:22:18Z" finished-at="2019-12-16T20:22:18Z">
          <reporter-output>
          </reporter-output>
        </test-method> <!-- setUpClass -->
        <test-method status="PASS" signature="runScenario(io.cucumber.testng.PickleEventWrapper, io.cucumber.testng.CucumberFeatureWrapper)[pri:0, instance:mct.cucumber.testNg.runner.RunCucumberTest@6500df86]" name="runScenario" duration-ms="98637" started-at="2019-12-16T20:22:18Z" description="Runs Cucumber Scenarios" data-provider="scenarios" finished-at="2019-12-16T20:23:57Z">
          <params>
            <param index="0">
              <value>
                <![CDATA["User can got to links in the footer section"]]>
              </value>
            </param>
            <param index="1">
              <value>
                <![CDATA["Footer Links"]]>
              </value>
            </param>
          </params>
          <reporter-output>
          </reporter-output>
        </test-method> <!-- runScenario -->
        <test-method status="PASS" signature="tearDownClass()[pri:0, instance:mct.cucumber.testNg.runner.RunCucumberTest@6500df86]" name="tearDownClass" is-config="true" duration-ms="42" started-at="2019-12-16T20:23:57Z" finished-at="2019-12-16T20:23:57Z">
          <reporter-output>
          </reporter-output>
        </test-method> <!-- tearDownClass -->
      </class> <!-- mct.cucumber.testNg.runner.RunCucumberTest -->
    </test> <!-- Default test -->
  </suite> <!-- Default suite -->
</testng-results>
